<?xml version="1.0" encoding="UTF-8"?>
<testng-results ignored="0" total="1" passed="1" failed="0" skipped="0">
  <reporter-output>
  </reporter-output>
  <suite started-at="2022-08-22T22:06:10Z" name="Default suite" finished-at="2022-08-22T22:07:29Z" duration-ms="79556">
    <groups>
    </groups>
    <test started-at="2022-08-22T22:06:10Z" name="Default test" finished-at="2022-08-22T22:07:29Z" duration-ms="79556">
      <class name="com.finalproject.ProyectoFinal">
        <test-method is-config="true" signature="beforeTest()[pri:0, instance:com.finalproject.ProyectoFinal@63611043]" started-at="2022-08-22T22:06:10Z" name="beforeTest" finished-at="2022-08-22T22:06:12Z" duration-ms="2337" status="PASS">
          <reporter-output>
          </reporter-output>
        </test-method> <!-- beforeTest -->
        <test-method signature="tc001()[pri:0, instance:com.finalproject.ProyectoFinal@63611043]" started-at="2022-08-22T22:06:12Z" name="tc001" finished-at="2022-08-22T22:07:29Z" duration-ms="76990" status="PASS">
          <reporter-output>
          </reporter-output>
        </test-method> <!-- tc001 -->
        <test-method is-config="true" signature="getResult(org.testng.ITestResult)[pri:0, instance:com.finalproject.ProyectoFinal@63611043]" started-at="2022-08-22T22:07:29Z" name="getResult" finished-at="2022-08-22T22:07:29Z" duration-ms="3" status="PASS">
          <params>
            <param index="0">
              <value>
                <![CDATA[[TestResult name=tc001 status=SUCCESS method=ProyectoFinal.tc001()[pri:0, instance:com.finalproject.ProyectoFinal@63611043] output={null}]]]>
              </value>
            </param>
          </params>
          <reporter-output>
          </reporter-output>
        </test-method> <!-- getResult -->
        <test-method is-config="true" signature="afterTest()[pri:0, instance:com.finalproject.ProyectoFinal@63611043]" started-at="2022-08-22T22:07:29Z" name="afterTest" finished-at="2022-08-22T22:07:29Z" duration-ms="214" status="PASS">
          <reporter-output>
          </reporter-output>
        </test-method> <!-- afterTest -->
      </class> <!-- com.finalproject.ProyectoFinal -->
    </test> <!-- Default test -->
  </suite> <!-- Default suite -->
</testng-results>
